<?xml version="1.0" encoding="UTF-8" ?>
<testsuite errors="0" failures="0" hostname="localhost" name="com.google.appinventor.components.runtime.BluetoothConnectionBaseTest" skipped="0" tests="5" time="0.05" timestamp="2015-12-29T19:02:48">
  <properties>
    <property name="java.vendor" value="Oracle Corporation" />
    <property name="lib.dir" value="/Applications/MAMP/htdocs/appinv-gerrit/app-inventor-private/appinventor/lib" />
    <property name="sun.java.launcher" value="SUN_STANDARD" />
    <property name="sun.management.compiler" value="HotSpot 64-Bit Tiered Compilers" />
    <property name="docs.dir" value="/Applications/MAMP/htdocs/appinv-gerrit/app-inventor-private/appinventor/docs" />
    <property name="os.name" value="Mac OS X" />
    <property name="ant.file.components" value="/Applications/MAMP/htdocs/appinv-gerrit/app-inventor-private/appinventor/components/build.xml" />
    <property name="sun.boot.class.path" value="/Library/Java/JavaVirtualMachines/jdk1.7.0_45.jdk/Contents/Home/jre/lib/resources.jar:/Library/Java/JavaVirtualMachines/jdk1.7.0_45.jdk/Contents/Home/jre/lib/rt.jar:/Library/Java/JavaVirtualMachines/jdk1.7.0_45.jdk/Contents/Home/jre/lib/sunrsasign.jar:/Library/Java/JavaVirtualMachines/jdk1.7.0_45.jdk/Contents/Home/jre/lib/jsse.jar:/Library/Java/JavaVirtualMachines/jdk1.7.0_45.jdk/Contents/Home/jre/lib/jce.jar:/Library/Java/JavaVirtualMachines/jdk1.7.0_45.jdk/Contents/Home/jre/lib/charsets.jar:/Library/Java/JavaVirtualMachines/jdk1.7.0_45.jdk/Contents/Home/jre/lib/jfr.jar:/Library/Java/JavaVirtualMachines/jdk1.7.0_45.jdk/Contents/Home/jre/lib/JObjC.jar:/Library/Java/JavaVirtualMachines/jdk1.7.0_45.jdk/Contents/Home/jre/classes" />
    <property name="user.country.format" value="CN" />
    <property name="java.vm.specification.vendor" value="Oracle Corporation" />
    <property name="ant.home" value="/usr/local/apache-ant-1.9.6" />
    <property name="java.runtime.version" value="1.7.0_45-b18" />
    <property name="user.name" value="rmorelli" />
    <property name="public.build.dir" value="/Applications/MAMP/htdocs/appinv-gerrit/app-inventor-private/appinventor/build/components" />
    <property name="debug" value="true" />
    <property name="barcode.pkg" value="com/google/zxing/client/android" />
    <property name="build.dir" value="/Applications/MAMP/htdocs/appinv-gerrit/app-inventor-private/appinventor/build" />
    <property name="appinventor.dir" value="/Applications/MAMP/htdocs/appinv-gerrit/app-inventor-private/appinventor" />
    <property name="user.language" value="en" />
    <property name="class.dir" value="/Applications/MAMP/htdocs/appinv-gerrit/app-inventor-private/appinventor/components/build/classes" />
    <property name="sun.boot.library.path" value="/Library/Java/JavaVirtualMachines/jdk1.7.0_45.jdk/Contents/Home/jre/lib" />
    <property name="reports.dir" value="/Applications/MAMP/htdocs/appinv-gerrit/app-inventor-private/appinventor/components/reports" />
    <property name="ant.project.default-target" value="all" />
    <property name="ant.project.name" value="components" />
    <property name="java.version" value="1.7.0_45" />
    <property name="AndroidRuntime-class.dir" value="/Applications/MAMP/htdocs/appinv-gerrit/app-inventor-private/appinventor/components/build/classes/AndroidRuntime" />
    <property name="user.timezone" value="" />
    <property name="sun.arch.data.model" value="64" />
    <property name="http.nonProxyHosts" value="local|*.local|169.254/16|*.169.254/16" />
    <property name="java.endorsed.dirs" value="/Library/Java/JavaVirtualMachines/jdk1.7.0_45.jdk/Contents/Home/jre/lib/endorsed" />
    <property name="sun.cpu.isalist" value="" />
    <property name="sun.jnu.encoding" value="UTF-8" />
    <property name="file.encoding.pkg" value="sun.io" />
    <property name="file.separator" value="/" />
    <property name="java.specification.name" value="Java Platform API Specification" />
    <property name="java.class.version" value="51.0" />
    <property name="user.country" value="US" />
    <property name="java.home" value="/Library/Java/JavaVirtualMachines/jdk1.7.0_45.jdk/Contents/Home/jre" />
    <property name="ant.file.AllProjects" value="/Applications/MAMP/htdocs/appinv-gerrit/app-inventor-private/appinventor/build.xml" />
    <property name="java.vm.info" value="mixed mode" />
    <property name="ant.file" value="/Applications/MAMP/htdocs/appinv-gerrit/app-inventor-private/appinventor/components/build.xml" />
    <property name="os.version" value="10.10.4" />
    <property name="path.separator" value=":" />
    <property name="java.vm.version" value="24.45-b08" />
    <property name="ant.library.dir" value="/usr/local/apache-ant-1.9.6/lib" />
    <property name="ant.file.type.AllProjects" value="file" />
    <property name="java.awt.printerjob" value="sun.lwawt.macosx.CPrinterJob" />
    <property name="sun.io.unicode.encoding" value="UnicodeBig" />
    <property name="awt.toolkit" value="sun.lwawt.macosx.LWCToolkit" />
    <property name="socksNonProxyHosts" value="local|*.local|169.254/16|*.169.254/16" />
    <property name="debug.compile" value="true" />
    <property name="ftp.nonProxyHosts" value="local|*.local|169.254/16|*.169.254/16" />
    <property name="user.home" value="/Users/rmorelli" />
    <property name="java.specification.vendor" value="Oracle Corporation" />
    <property name="java.library.path" value="/Users/rmorelli/Library/Java/Extensions:/Library/Java/Extensions:/Network/Library/Java/Extensions:/System/Library/Java/Extensions:/usr/lib/java:." />
    <property name="java.vendor.url" value="http://java.oracle.com/" />
    <property name="java.vm.vendor" value="Oracle Corporation" />
    <property name="gopherProxySet" value="false" />
    <property name="components.pkg" value="com/google/appinventor/components" />
    <property name="java.runtime.name" value="Java(TM) SE Runtime Environment" />
    <property name="sun.java.command" value="org.apache.tools.ant.taskdefs.optional.junit.JUnitTestRunner com.google.appinventor.components.runtime.BluetoothConnectionBaseTest skipNonTests=false filtertrace=true haltOnError=false haltOnFailure=false formatter=org.apache.tools.ant.taskdefs.optional.junit.SummaryJUnitResultFormatter showoutput=false outputtoformatters=true logfailedtests=true threadid=0 logtestlistenerevents=false formatter=org.apache.tools.ant.taskdefs.optional.junit.XMLJUnitResultFormatter,/Applications/MAMP/htdocs/appinv-gerrit/app-inventor-private/appinventor/components/reports/raw/TEST-com.google.appinventor.components.runtime.BluetoothConnectionBaseTest.xml crashfile=/Applications/MAMP/htdocs/appinv-gerrit/app-inventor-private/appinventor/components/junitvmwatcher2345633423776308991.properties propsfile=/Applications/MAMP/htdocs/appinv-gerrit/app-inventor-private/appinventor/components/junit6665550770280262903.properties" />
    <property name="java.class.path" value="/Applications/MAMP/htdocs/appinv-gerrit/app-inventor-private/appinventor/build/components/AndroidRuntime.jar:/Applications/MAMP/htdocs/appinv-gerrit/app-inventor-private/appinventor/build/components/CommonConstants.jar:/Applications/MAMP/htdocs/appinv-gerrit/app-inventor-private/appinventor/lib/json/json.jar:/Applications/MAMP/htdocs/appinv-gerrit/app-inventor-private/appinventor/lib/junit/junit-4.8.2.jar:/Applications/MAMP/htdocs/appinv-gerrit/app-inventor-private/appinventor/lib/junit4/tl4j-junit4-1.1.3.jar:/Applications/MAMP/htdocs/appinv-gerrit/app-inventor-private/appinventor/lib/kawa/kawa-1.11-modified.jar:/Applications/MAMP/htdocs/appinv-gerrit/app-inventor-private/appinventor/lib/acra/acra-4.4.0.jar:/Applications/MAMP/htdocs/appinv-gerrit/app-inventor-private/appinventor/lib/powermock/cglib-nodep-2.2.jar:/Applications/MAMP/htdocs/appinv-gerrit/app-inventor-private/appinventor/lib/powermock/easymock-3.0.jar:/Applications/MAMP/htdocs/appinv-gerrit/app-inventor-private/appinventor/lib/powermock/javassist-3.18.0-GA.jar:/Applications/MAMP/htdocs/appinv-gerrit/app-inventor-private/appinventor/lib/powermock/objenesis-1.2.jar:/Applications/MAMP/htdocs/appinv-gerrit/app-inventor-private/appinventor/lib/powermock/powermock-easymock-1.4.10-full.jar:/Applications/MAMP/htdocs/appinv-gerrit/app-inventor-private/appinventor/lib/android/4.2.2/android.jar:/Applications/MAMP/htdocs/appinv-gerrit/app-inventor-private/appinventor/components/build/AndroidRuntimeTests.jar:/usr/local/apache-ant-1.9.6/lib/ant-launcher.jar:/usr/local/apache-ant-1.9.6/lib/ant.jar:/usr/local/apache-ant-1.9.6/lib/ant-junit.jar:/usr/local/apache-ant-1.9.6/lib/ant-junit4.jar" />
    <property name="ant.version" value="Apache Ant(TM) version 1.9.6 compiled on June 29 2015" />
    <property name="ant.file.type.CommonDefinitions" value="file" />
    <property name="ant.file.CommonDefinitions" value="/Applications/MAMP/htdocs/appinv-gerrit/app-inventor-private/appinventor/build-common.xml" />
    <property name="java.vm.specification.name" value="Java Virtual Machine Specification" />
    <property name="ant.file.type" value="file" />
    <property name="HtmlEntities-class.dir" value="/Applications/MAMP/htdocs/appinv-gerrit/app-inventor-private/appinventor/components/build/classes/HtmlEntities" />
    <property name="java.vm.specification.version" value="1.7" />
    <property name="sun.cpu.endian" value="little" />
    <property name="sun.os.patch.level" value="unknown" />
    <property name="test_name.class" value="${test_name}" />
    <property name="java.io.tmpdir" value="/var/folders/s7/rhj7tq808xj8mq0059bk4xq00000gq/T/" />
    <property name="java.vendor.url.bug" value="http://bugreport.sun.com/bugreport/" />
    <property name="os.arch" value="x86_64" />
    <property name="java.awt.graphicsenv" value="sun.awt.CGraphicsEnvironment" />
    <property name="java.ext.dirs" value="/Users/rmorelli/Library/Java/Extensions:/Library/Java/JavaVirtualMachines/jdk1.7.0_45.jdk/Contents/Home/jre/lib/ext:/Library/Java/Extensions:/Network/Library/Java/Extensions:/System/Library/Java/Extensions:/usr/lib/java" />
    <property name="tests.dir" value="/Applications/MAMP/htdocs/appinv-gerrit/app-inventor-private/appinventor/components/tests" />
    <property name="user.dir" value="/Applications/MAMP/htdocs/appinv-gerrit/app-inventor-private/appinventor" />
    <property name="org.apache.tools.ant.taskdefs.optional.junit.AggregateTransformer6" value="/var/folders/s7/rhj7tq808xj8mq0059bk4xq00000gq/T/null1188978376" />
    <property name="line.separator" value="&#xa;" />
    <property name="java.vm.name" value="Java HotSpot(TM) 64-Bit Server VM" />
    <property name="CommonConstants-class.dir" value="/Applications/MAMP/htdocs/appinv-gerrit/app-inventor-private/appinventor/components/build/classes/CommonConstants" />
    <property name="basedir" value="/Applications/MAMP/htdocs/appinv-gerrit/app-inventor-private/appinventor/components" />
    <property name="local.build.dir" value="/Applications/MAMP/htdocs/appinv-gerrit/app-inventor-private/appinventor/components/build" />
    <property name="ant.java.version" value="1.7" />
    <property name="ant.core.lib" value="/usr/local/apache-ant-1.9.6/lib/ant.jar" />
    <property name="file.encoding" value="UTF-8" />
    <property name="java.specification.version" value="1.7" />
    <property name="src.dir" value="/Applications/MAMP/htdocs/appinv-gerrit/app-inventor-private/appinventor/components/src" />
    <property name="ant.project.invoked-targets" value="tests" />
    <property name="ant.file.type.components" value="file" />
  </properties>
  <testcase classname="com.google.appinventor.components.runtime.BluetoothConnectionBaseTest" name="testSendAndReceiveBytes" time="0.013" />
  <testcase classname="com.google.appinventor.components.runtime.BluetoothConnectionBaseTest" name="testSendAndReceive4ByteNumber" time="0.003" />
  <testcase classname="com.google.appinventor.components.runtime.BluetoothConnectionBaseTest" name="testSendandReceive1ByteNumber" time="0.0" />
  <testcase classname="com.google.appinventor.components.runtime.BluetoothConnectionBaseTest" name="testSendAndReceive2ByteNumber" time="0.001" />
  <testcase classname="com.google.appinventor.components.runtime.BluetoothConnectionBaseTest" name="testSendAndReceiveText" time="0.0" />
  <system-out><![CDATA[]]></system-out>
  <system-err><![CDATA[]]></system-err>
</testsuite>
